<?xml version="1.0" encoding="UTF-8"?>
<testng-results total="1" passed="1" failed="0" skipped="0">
  <reporter-output>
    <line>
      <![CDATA[Login Successfull]]>
    </line>
    <line>
      <![CDATA[OrangeHRM]]>
    </line>
    <line>
      <![CDATA[Logout Successfull]]>
    </line>
  </reporter-output>
  <suite started-at="2023-08-22T06:31:02Z" name="Default suite" finished-at="2023-08-22T06:32:02Z" duration-ms="60377">
    <groups>
    </groups>
    <test started-at="2023-08-22T06:31:02Z" name="Default test" finished-at="2023-08-22T06:32:02Z" duration-ms="60377">
      <class name="testngexamples.WebDriverAndTestNG">
        <test-method is-config="true" signature="starup()[pri:0, instance:testngexamples.WebDriverAndTestNG@533bda92]" started-at="2023-08-22T12:01:02Z" name="starup" finished-at="2023-08-22T12:01:47Z" duration-ms="44756" status="PASS">
          <reporter-output>
          </reporter-output>
        </test-method> <!-- starup -->
        <test-method signature="tc001()[pri:0, instance:testngexamples.WebDriverAndTestNG@533bda92]" started-at="2023-08-22T12:01:47Z" name="tc001" finished-at="2023-08-22T12:01:56Z" duration-ms="9205" status="PASS">
          <reporter-output>
            <line>
              <![CDATA[Login Successfull]]>
            </line>
            <line>
              <![CDATA[OrangeHRM]]>
            </line>
            <line>
              <![CDATA[Logout Successfull]]>
            </line>
          </reporter-output>
        </test-method> <!-- tc001 -->
        <test-method is-config="true" signature="teardown()[pri:0, instance:testngexamples.WebDriverAndTestNG@533bda92]" started-at="2023-08-22T12:01:56Z" name="teardown" finished-at="2023-08-22T12:02:02Z" duration-ms="6346" status="PASS">
          <reporter-output>
          </reporter-output>
        </test-method> <!-- teardown -->
      </class> <!-- testngexamples.WebDriverAndTestNG -->
    </test> <!-- Default test -->
  </suite> <!-- Default suite -->
</testng-results>
