<?xml version="1.0" encoding="UTF-8"?>
<testng-results ignored="0" total="1" passed="1" failed="0" skipped="0">
  <reporter-output>
    <line>
      <![CDATA[Application Opened]]>
    </line>
    <line>
      <![CDATA[Tittle is not Matched]]>
    </line>
    <line>
      <![CDATA[OrangeHRM - New Level of HR Management]]>
    </line>
    <line>
      <![CDATA[Login completed]]>
    </line>
    <line>
      <![CDATA[Tittle is not Matched]]>
    </line>
    <line>
      <![CDATA[OrangeHRM]]>
    </line>
    <line>
      <![CDATA[Logout Completed]]>
    </line>
    <line>
      <![CDATA[Application Closed]]>
    </line>
  </reporter-output>
  <suite started-at="2023-08-25T11:53:29 IST" name="Default suite" finished-at="2023-08-25T11:54:38 IST" duration-ms="69018">
    <groups>
    </groups>
    <test started-at="2023-08-25T11:53:29 IST" name="Default test" finished-at="2023-08-25T11:54:38 IST" duration-ms="69018">
      <class name="com.hrms.TestScripts.TC001">
        <test-method signature="tc001()[pri:0, instance:com.hrms.TestScripts.TC001@313ac989]" started-at="2023-08-25T11:53:30 IST" name="tc001" finished-at="2023-08-25T11:54:38 IST" duration-ms="68777" status="PASS">
          <reporter-output>
            <line>
              <![CDATA[Application Opened]]>
            </line>
            <line>
              <![CDATA[Tittle is not Matched]]>
            </line>
            <line>
              <![CDATA[OrangeHRM - New Level of HR Management]]>
            </line>
            <line>
              <![CDATA[Login completed]]>
            </line>
            <line>
              <![CDATA[Tittle is not Matched]]>
            </line>
            <line>
              <![CDATA[OrangeHRM]]>
            </line>
            <line>
              <![CDATA[Logout Completed]]>
            </line>
            <line>
              <![CDATA[Application Closed]]>
            </line>
          </reporter-output>
        </test-method> <!-- tc001 -->
      </class> <!-- com.hrms.TestScripts.TC001 -->
    </test> <!-- Default test -->
  </suite> <!-- Default suite -->
</testng-results>
